<?xml version="1.0" encoding="UTF-8"?>
<!-- Generated by org.testng.reporters.JUnitReportReporter -->
<testsuite hostname="ASHKOL" failures="0" tests="1" name="Day1.checkResponseData" time="2.175" errors="0" timestamp="2025-07-27T17:41:27 IST" skipped="0">
  <testcase classname="Day1.checkResponseData" name="checkJSONData" time="2.175"/>
</testsuite> <!-- Day1.checkResponseData -->
