<?xml version="1.0" encoding="UTF-8"?>
<!-- Generated by org.testng.reporters.JUnitReportReporter -->
<testsuite hostname="ASHKOL" failures="0" tests="4" name="Day1.HttpRequest" time="5.931" errors="0" timestamp="2025-07-25T15:44:39 IST" skipped="0">
  <testcase classname="Day1.HttpRequest" name="getUsers" time="3.511"/>
  <testcase classname="Day1.HttpRequest" name="createUser" time="1.120"/>
  <testcase classname="Day1.HttpRequest" name="updateUser" time="0.673"/>
  <testcase classname="Day1.HttpRequest" name="delete" time="0.627"/>
</testsuite> <!-- Day1.HttpRequest -->
