<?xml version="1.0" encoding="UTF-8"?>
<!-- Generated by org.testng.reporters.JUnitReportReporter -->
<testsuite hostname="ASHKOL" failures="0" tests="1" name="Day1.AuthorizationandAuthentication" time="4.148" errors="0" timestamp="2025-08-10T00:14:14 IST" skipped="0">
  <testcase classname="Day1.AuthorizationandAuthentication" name="createUser" time="4.148"/>
</testsuite> <!-- Day1.AuthorizationandAuthentication -->
