<?xml version="1.0" encoding="UTF-8"?>
<!-- Generated by org.testng.reporters.JUnitReportReporter -->
<testsuite hostname="ASHKOL" failures="0" tests="2" name="Day1.diffWaysToCreatePostRequestBody" time="2.242" errors="0" timestamp="2025-07-25T18:40:34 IST" skipped="0">
  <testcase classname="Day1.diffWaysToCreatePostRequestBody" name="testPostUsingHasmap" time="2.187"/>
  <testcase classname="Day1.diffWaysToCreatePostRequestBody" name="testDelete" time="0.055"/>
</testsuite> <!-- Day1.diffWaysToCreatePostRequestBody -->
