<?xml version="1.0" encoding="UTF-8"?>
<!-- Generated by org.testng.reporters.JUnitReportReporter -->
<testsuite hostname="ASHKOL" failures="0" tests="1" name="Day1.CRUD_Api_Chaining.UpdateUser" time="1.269" errors="0" timestamp="2025-08-15T18:35:49 IST" skipped="0">
  <testcase classname="Day1.CRUD_Api_Chaining.UpdateUser" name="updateUser" time="1.269"/>
</testsuite> <!-- Day1.CRUD_Api_Chaining.UpdateUser -->
