<?xml version="1.0" encoding="UTF-8"?>
<!-- Generated by org.testng.reporters.JUnitReportReporter -->
<testsuite hostname="ASHKOL" failures="0" tests="1" name="Day1.CRUD_Api_Chaining.DeleteUser" time="1.122" errors="0" timestamp="2025-08-15T18:35:49 IST" skipped="0">
  <testcase classname="Day1.CRUD_Api_Chaining.DeleteUser" name="deleteUser" time="1.122"/>
</testsuite> <!-- Day1.CRUD_Api_Chaining.DeleteUser -->
