<?xml version="1.0" encoding="UTF-8"?>
<!-- Generated by org.testng.reporters.JUnitReportReporter -->
<testsuite hostname="ASHKOL" failures="0" tests="1" name="Day1.Queryparameters" time="2.802" errors="0" timestamp="2025-07-26T14:53:19 IST" skipped="0">
  <testcase classname="Day1.Queryparameters" name="checkQuerys" time="2.802"/>
</testsuite> <!-- Day1.Queryparameters -->
