<?xml version="1.0" encoding="UTF-8"?>
<!-- Generated by org.testng.reporters.JUnitReportReporter -->
<testsuite hostname="ASHKOL" failures="0" tests="1" name="Day1.checkResponseData" time="2.148" errors="0" timestamp="2025-07-26T22:54:09 IST" skipped="0">
  <testcase classname="Day1.checkResponseData" name="checkJSON" time="2.148"/>
</testsuite> <!-- Day1.checkResponseData -->
