<?xml version="1.0" encoding="UTF-8"?>
<!-- Generated by org.testng.reporters.JUnitReportReporter -->
<testsuite hostname="ASHKOL" failures="0" tests="1" name="Day1.CookiesandHeaders" time="3.169" errors="0" timestamp="2025-07-26T16:26:13 IST" skipped="0">
  <testcase classname="Day1.CookiesandHeaders" name="getheaders" time="3.169"/>
</testsuite> <!-- Day1.CookiesandHeaders -->
